# JRE version: OpenJDK Runtime Environment Temurin-21.0.9+10 (21.0.9+10) (build 21.0.9+10-LTS)
# Java VM: OpenJDK 64-Bit Server VM Temurin-21.0.9+10 (21.0.9+10-LTS, mixed mode, sharing, tiered, compressed oops, compressed class ptrs, parallel gc, windows-amd64)
GC Precious Log:
 CardTable entry size: 512
 CPUs: 12 total, 12 available
 Memory: 32471M
 Large Page Support: Disabled
 NUMA Support: Disabled
 Compressed Oops: Enabled (32-bit)
 Alignments: Space 512K, Generation 512K, Heap 2M
 Heap Min Capacity: 100M
 Heap Initial Capacity: 100M
 Heap Max Capacity: 2G
 Pre-touch: Disabled
 Parallel Workers: 10
Heap:
 PSYoungGen      total 18432K, used 11020K [0x00000000d5580000, 0x00000000d6880000, 0x0000000100000000)
  eden space 17920K, 59% used [0x00000000d5580000,0x00000000d5ffb2b0,0x00000000d6700000)
  from space 512K, 56% used [0x00000000d6800000,0x00000000d6848000,0x00000000d6880000)
  to   space 512K, 0% used [0x00000000d6780000,0x00000000d6780000,0x00000000d6800000)
 ParOldGen       total 116736K, used 116564K [0x0000000080000000, 0x0000000087200000, 0x00000000d5580000)
  object space 116736K, 99% used [0x0000000080000000,0x00000000871d5080,0x0000000087200000)
 Metaspace       used 65060K, committed 66496K, reserved 1114112K
  class space    used 7487K, committed 8128K, reserved 1048576K
GC Heap History (20 events):
Event: 12.291 GC heap before
{Heap before GC invocations=66 (full 3):
 PSYoungGen      total 20480K, used 20354K [0x00000000d5580000, 0x00000000d6b80000, 0x0000000100000000)
  eden space 18944K, 100% used [0x00000000d5580000,0x00000000d6800000,0x00000000d6800000)
  from space 1536K, 91% used [0x00000000d6a00000,0x00000000d6b608e0,0x00000000d6b80000)
  to   space 1536K, 0% used [0x00000000d6880000,0x00000000d6880000,0x00000000d6a00000)
 ParOldGen       total 108544K, used 108052K [0x0000000080000000, 0x0000000086a00000, 0x00000000d5580000)
  object space 108544K, 99% used [0x0000000080000000,0x0000000086985008,0x0000000086a00000)
 Metaspace       used 64242K, committed 65664K, reserved 1114112K
  class space    used 7453K, committed 8128K, reserved 1048576K
}
Event: 12.293 GC heap after
{Heap after GC invocations=66 (full 3):
 PSYoungGen      total 20480K, used 1344K [0x00000000d5580000, 0x00000000d6b00000, 0x0000000100000000)
  eden space 18944K, 0% used [0x00000000d5580000,0x00000000d5580000,0x00000000d6800000)
  from space 1536K, 87% used [0x00000000d6880000,0x00000000d69d0000,0x00000000d6a00000)
  to   space 1024K, 0% used [0x00000000d6a00000,0x00000000d6a00000,0x00000000d6b00000)
 ParOldGen       total 109568K, used 109278K [0x0000000080000000, 0x0000000086b00000, 0x00000000d5580000)
  object space 109568K, 99% used [0x0000000080000000,0x0000000086ab7af8,0x0000000086b00000)
 Metaspace       used 64242K, committed 65664K, reserved 1114112K
  class space    used 7453K, committed 8128K, reserved 1048576K
}
Event: 12.320 GC heap before
{Heap before GC invocations=67 (full 3):
 PSYoungGen      total 20480K, used 20288K [0x00000000d5580000, 0x00000000d6b00000, 0x0000000100000000)
  eden space 18944K, 100% used [0x00000000d5580000,0x00000000d6800000,0x00000000d6800000)
  from space 1536K, 87% used [0x00000000d6880000,0x00000000d69d0000,0x00000000d6a00000)
  to   space 1024K, 0% used [0x00000000d6a00000,0x00000000d6a00000,0x00000000d6b00000)
 ParOldGen       total 109568K, used 109278K [0x0000000080000000, 0x0000000086b00000, 0x00000000d5580000)
  object space 109568K, 99% used [0x0000000080000000,0x0000000086ab7af8,0x0000000086b00000)
 Metaspace       used 64264K, committed 65728K, reserved 1114112K
  class space    used 7455K, committed 8128K, reserved 1048576K
}
Event: 12.323 GC heap after
{Heap after GC invocations=67 (full 3):
 PSYoungGen      total 18944K, used 992K [0x00000000d5580000, 0x00000000d6e00000, 0x0000000100000000)
  eden space 17920K, 0% used [0x00000000d5580000,0x00000000d5580000,0x00000000d6700000)
  from space 1024K, 96% used [0x00000000d6a00000,0x00000000d6af8010,0x00000000d6b00000)
  to   space 3072K, 0% used [0x00000000d6700000,0x00000000d6700000,0x00000000d6a00000)
 ParOldGen       total 111104K, used 111006K [0x0000000080000000, 0x0000000086c80000, 0x00000000d5580000)
  object space 111104K, 99% used [0x0000000080000000,0x0000000086c67b08,0x0000000086c80000)
 Metaspace       used 64264K, committed 65728K, reserved 1114112K
  class space    used 7455K, committed 8128K, reserved 1048576K
}
Event: 12.343 GC heap before
{Heap before GC invocations=68 (full 3):
 PSYoungGen      total 18944K, used 18912K [0x00000000d5580000, 0x00000000d6e00000, 0x0000000100000000)
  eden space 17920K, 100% used [0x00000000d5580000,0x00000000d6700000,0x00000000d6700000)
  from space 1024K, 96% used [0x00000000d6a00000,0x00000000d6af8010,0x00000000d6b00000)
  to   space 3072K, 0% used [0x00000000d6700000,0x00000000d6700000,0x00000000d6a00000)
 ParOldGen       total 111104K, used 111006K [0x0000000080000000, 0x0000000086c80000, 0x00000000d5580000)
  object space 111104K, 99% used [0x0000000080000000,0x0000000086c67b08,0x0000000086c80000)
 Metaspace       used 64281K, committed 65728K, reserved 1114112K
  class space    used 7455K, committed 8128K, reserved 1048576K
}
Event: 12.345 GC heap after
{Heap after GC invocations=68 (full 3):
 PSYoungGen      total 19968K, used 1856K [0x00000000d5580000, 0x00000000d6c00000, 0x0000000100000000)
  eden space 17920K, 0% used [0x00000000d5580000,0x00000000d5580000,0x00000000d6700000)
  from space 2048K, 90% used [0x00000000d6700000,0x00000000d68d0310,0x00000000d6900000)
  to   space 2560K, 0% used [0x00000000d6980000,0x00000000d6980000,0x00000000d6c00000)
 ParOldGen       total 112128K, used 112006K [0x0000000080000000, 0x0000000086d80000, 0x00000000d5580000)
  object space 112128K, 99% used [0x0000000080000000,0x0000000086d61b18,0x0000000086d80000)
 Metaspace       used 64281K, committed 65728K, reserved 1114112K
  class space    used 7455K, committed 8128K, reserved 1048576K
}
Event: 12.382 GC heap before
{Heap before GC invocations=69 (full 3):
 PSYoungGen      total 19968K, used 19776K [0x00000000d5580000, 0x00000000d6c00000, 0x0000000100000000)
  eden space 17920K, 100% used [0x00000000d5580000,0x00000000d6700000,0x00000000d6700000)
  from space 2048K, 90% used [0x00000000d6700000,0x00000000d68d0310,0x00000000d6900000)
  to   space 2560K, 0% used [0x00000000d6980000,0x00000000d6980000,0x00000000d6c00000)
 ParOldGen       total 112128K, used 112006K [0x0000000080000000, 0x0000000086d80000, 0x00000000d5580000)
  object space 112128K, 99% used [0x0000000080000000,0x0000000086d61b18,0x0000000086d80000)
 Metaspace       used 64303K, committed 65792K, reserved 1114112K
  class space    used 7455K, committed 8128K, reserved 1048576K
}
Event: 12.383 GC heap after
{Heap after GC invocations=69 (full 3):
 PSYoungGen      total 19968K, used 1960K [0x00000000d5580000, 0x00000000d6b80000, 0x0000000100000000)
  eden space 17920K, 0% used [0x00000000d5580000,0x00000000d5580000,0x00000000d6700000)
  from space 2048K, 95% used [0x00000000d6980000,0x00000000d6b6a000,0x00000000d6b80000)
  to   space 2048K, 0% used [0x00000000d6700000,0x00000000d6700000,0x00000000d6900000)
 ParOldGen       total 113664K, used 113326K [0x0000000080000000, 0x0000000086f00000, 0x00000000d5580000)
  object space 113664K, 99% used [0x0000000080000000,0x0000000086eabb18,0x0000000086f00000)
 Metaspace       used 64303K, committed 65792K, reserved 1114112K
  class space    used 7455K, committed 8128K, reserved 1048576K
}
Event: 12.647 GC heap before
{Heap before GC invocations=70 (full 3):
 PSYoungGen      total 19968K, used 19875K [0x00000000d5580000, 0x00000000d6b80000, 0x0000000100000000)
  eden space 17920K, 99% used [0x00000000d5580000,0x00000000d66fec50,0x00000000d6700000)
  from space 2048K, 95% used [0x00000000d6980000,0x00000000d6b6a000,0x00000000d6b80000)
  to   space 2048K, 0% used [0x00000000d6700000,0x00000000d6700000,0x00000000d6900000)
 ParOldGen       total 113664K, used 113326K [0x0000000080000000, 0x0000000086f00000, 0x00000000d5580000)
  object space 113664K, 99% used [0x0000000080000000,0x0000000086eabb18,0x0000000086f00000)
 Metaspace       used 64404K, committed 65856K, reserved 1114112K
  class space    used 7460K, committed 8128K, reserved 1048576K
}
Event: 12.648 GC heap after
{Heap after GC invocations=70 (full 3):
 PSYoungGen      total 18944K, used 1008K [0x00000000d5580000, 0x00000000d6a00000, 0x0000000100000000)
  eden space 17920K, 0% used [0x00000000d5580000,0x00000000d5580000,0x00000000d6700000)
  from space 1024K, 98% used [0x00000000d6700000,0x00000000d67fc010,0x00000000d6800000)
  to   space 1536K, 0% used [0x00000000d6880000,0x00000000d6880000,0x00000000d6a00000)
 ParOldGen       total 115200K, used 115038K [0x0000000080000000, 0x0000000087080000, 0x00000000d5580000)
  object space 115200K, 99% used [0x0000000080000000,0x0000000087057b18,0x0000000087080000)
 Metaspace       used 64404K, committed 65856K, reserved 1114112K
  class space    used 7460K, committed 8128K, reserved 1048576K
}
Event: 12.957 GC heap before
{Heap before GC invocations=71 (full 3):
 PSYoungGen      total 18944K, used 18928K [0x00000000d5580000, 0x00000000d6a00000, 0x0000000100000000)
  eden space 17920K, 100% used [0x00000000d5580000,0x00000000d6700000,0x00000000d6700000)
  from space 1024K, 98% used [0x00000000d6700000,0x00000000d67fc010,0x00000000d6800000)
  to   space 1536K, 0% used [0x00000000d6880000,0x00000000d6880000,0x00000000d6a00000)
 ParOldGen       total 115200K, used 115038K [0x0000000080000000, 0x0000000087080000, 0x00000000d5580000)
  object space 115200K, 99% used [0x0000000080000000,0x0000000087057b18,0x0000000087080000)
 Metaspace       used 64538K, committed 65984K, reserved 1114112K
  class space    used 7462K, committed 8128K, reserved 1048576K
}
Event: 12.957 GC heap after
{Heap after GC invocations=71 (full 3):
 PSYoungGen      total 18432K, used 224K [0x00000000d5580000, 0x00000000d6900000, 0x0000000100000000)
  eden space 17920K, 0% used [0x00000000d5580000,0x00000000d5580000,0x00000000d6700000)
  from space 512K, 43% used [0x00000000d6880000,0x00000000d68b8000,0x00000000d6900000)
  to   space 1024K, 0% used [0x00000000d6700000,0x00000000d6700000,0x00000000d6800000)
 ParOldGen       total 116224K, used 115814K [0x0000000080000000, 0x0000000087180000, 0x00000000d5580000)
  object space 116224K, 99% used [0x0000000080000000,0x0000000087119b38,0x0000000087180000)
 Metaspace       used 64538K, committed 65984K, reserved 1114112K
  class space    used 7462K, committed 8128K, reserved 1048576K
}
Event: 2676.028 GC heap before
{Heap before GC invocations=72 (full 3):
 PSYoungGen      total 18432K, used 18143K [0x00000000d5580000, 0x00000000d6900000, 0x0000000100000000)
  eden space 17920K, 99% used [0x00000000d5580000,0x00000000d66ffff0,0x00000000d6700000)
  from space 512K, 43% used [0x00000000d6880000,0x00000000d68b8000,0x00000000d6900000)
  to   space 1024K, 0% used [0x00000000d6700000,0x00000000d6700000,0x00000000d6800000)
 ParOldGen       total 116224K, used 115814K [0x0000000080000000, 0x0000000087180000, 0x00000000d5580000)
  object space 116224K, 99% used [0x0000000080000000,0x0000000087119b38,0x0000000087180000)
 Metaspace       used 64921K, committed 66432K, reserved 1114112K
  class space    used 7485K, committed 8128K, reserved 1048576K
}
Event: 2676.029 GC heap after
{Heap after GC invocations=72 (full 3):
 PSYoungGen      total 18944K, used 768K [0x00000000d5580000, 0x00000000d6900000, 0x0000000100000000)
  eden space 17920K, 0% used [0x00000000d5580000,0x00000000d5580000,0x00000000d6700000)
  from space 1024K, 75% used [0x00000000d6700000,0x00000000d67c0000,0x00000000d6800000)
  to   space 1024K, 0% used [0x00000000d6800000,0x00000000d6800000,0x00000000d6900000)
 ParOldGen       total 116224K, used 115870K [0x0000000080000000, 0x0000000087180000, 0x00000000d5580000)
  object space 116224K, 99% used [0x0000000080000000,0x0000000087127b38,0x0000000087180000)
 Metaspace       used 64921K, committed 66432K, reserved 1114112K
  class space    used 7485K, committed 8128K, reserved 1048576K
}
Event: 2695.461 GC heap before
{Heap before GC invocations=73 (full 3):
 PSYoungGen      total 18944K, used 18688K [0x00000000d5580000, 0x00000000d6900000, 0x0000000100000000)
  eden space 17920K, 100% used [0x00000000d5580000,0x00000000d6700000,0x00000000d6700000)
  from space 1024K, 75% used [0x00000000d6700000,0x00000000d67c0000,0x00000000d6800000)
  to   space 1024K, 0% used [0x00000000d6800000,0x00000000d6800000,0x00000000d6900000)
 ParOldGen       total 116224K, used 115870K [0x0000000080000000, 0x0000000087180000, 0x00000000d5580000)
  object space 116224K, 99% used [0x0000000080000000,0x0000000087127b38,0x0000000087180000)
 Metaspace       used 64938K, committed 66432K, reserved 1114112K
  class space    used 7487K, committed 8128K, reserved 1048576K
}
Event: 2695.462 GC heap after
{Heap after GC invocations=73 (full 3):
 PSYoungGen      total 18432K, used 224K [0x00000000d5580000, 0x00000000d6880000, 0x0000000100000000)
  eden space 17920K, 0% used [0x00000000d5580000,0x00000000d5580000,0x00000000d6700000)
  from space 512K, 43% used [0x00000000d6800000,0x00000000d6838000,0x00000000d6880000)
  to   space 512K, 0% used [0x00000000d6780000,0x00000000d6780000,0x00000000d6800000)
 ParOldGen       total 116736K, used 116500K [0x0000000080000000, 0x0000000087200000, 0x00000000d5580000)
  object space 116736K, 99% used [0x0000000080000000,0x00000000871c5080,0x0000000087200000)
 Metaspace       used 64938K, committed 66432K, reserved 1114112K
  class space    used 7487K, committed 8128K, reserved 1048576K
}
Event: 2876.283 GC heap before
{Heap before GC invocations=74 (full 3):
 PSYoungGen      total 18432K, used 18144K [0x00000000d5580000, 0x00000000d6880000, 0x0000000100000000)
  eden space 17920K, 100% used [0x00000000d5580000,0x00000000d6700000,0x00000000d6700000)
  from space 512K, 43% used [0x00000000d6800000,0x00000000d6838000,0x00000000d6880000)
  to   space 512K, 0% used [0x00000000d6780000,0x00000000d6780000,0x00000000d6800000)
 ParOldGen       total 116736K, used 116500K [0x0000000080000000, 0x0000000087200000, 0x00000000d5580000)
  object space 116736K, 99% used [0x0000000080000000,0x00000000871c5080,0x0000000087200000)
 Metaspace       used 64948K, committed 66432K, reserved 1114112K
  class space    used 7487K, committed 8128K, reserved 1048576K
}
Event: 2876.284 GC heap after
{Heap after GC invocations=74 (full 3):
 PSYoungGen      total 18432K, used 256K [0x00000000d5580000, 0x00000000d6880000, 0x0000000100000000)
  eden space 17920K, 0% used [0x00000000d5580000,0x00000000d5580000,0x00000000d6700000)
  from space 512K, 50% used [0x00000000d6780000,0x00000000d67c0000,0x00000000d6800000)
  to   space 512K, 0% used [0x00000000d6800000,0x00000000d6800000,0x00000000d6880000)
 ParOldGen       total 116736K, used 116556K [0x0000000080000000, 0x0000000087200000, 0x00000000d5580000)
  object space 116736K, 99% used [0x0000000080000000,0x00000000871d3080,0x0000000087200000)
 Metaspace       used 64948K, committed 66432K, reserved 1114112K
  class space    used 7487K, committed 8128K, reserved 1048576K
}
Event: 5765.128 GC heap before
{Heap before GC invocations=75 (full 3):
 PSYoungGen      total 18432K, used 18176K [0x00000000d5580000, 0x00000000d6880000, 0x0000000100000000)
  eden space 17920K, 100% used [0x00000000d5580000,0x00000000d6700000,0x00000000d6700000)
  from space 512K, 50% used [0x00000000d6780000,0x00000000d67c0000,0x00000000d6800000)
  to   space 512K, 0% used [0x00000000d6800000,0x00000000d6800000,0x00000000d6880000)
 ParOldGen       total 116736K, used 116556K [0x0000000080000000, 0x0000000087200000, 0x00000000d5580000)
  object space 116736K, 99% used [0x0000000080000000,0x00000000871d3080,0x0000000087200000)
 Metaspace       used 65008K, committed 66496K, reserved 1114112K
  class space    used 7487K, committed 8128K, reserved 1048576K
}
Event: 5765.132 GC heap after
{Heap after GC invocations=75 (full 3):
 PSYoungGen      total 18432K, used 288K [0x00000000d5580000, 0x00000000d6880000, 0x0000000100000000)
  eden space 17920K, 0% used [0x00000000d5580000,0x00000000d5580000,0x00000000d6700000)
  from space 512K, 56% used [0x00000000d6800000,0x00000000d6848000,0x00000000d6880000)
  to   space 512K, 0% used [0x00000000d6780000,0x00000000d6780000,0x00000000d6800000)
 ParOldGen       total 116736K, used 116564K [0x0000000080000000, 0x0000000087200000, 0x00000000d5580000)
  object space 116736K, 99% used [0x0000000080000000,0x00000000871d5080,0x0000000087200000)
 Metaspace       used 65008K, committed 66496K, reserved 1114112K
  class space    used 7487K, committed 8128K, reserved 1048576K
}

